node216.hpc.rockefeller.internal
/ru-auth/local/home/foconnell/repos/utilities/slurm
SLURM_NODELIST: node216
SLURM_JOB_ID: 58683
----------------
CPU Info:
Architecture:                       x86_64
CPU op-mode(s):                     32-bit, 64-bit
Address sizes:                      48 bits physical, 48 bits virtual
Byte Order:                         Little Endian
CPU(s):                             64
On-line CPU(s) list:                0-63
Vendor ID:                          AuthenticAMD
Model name:                         AMD EPYC 7543 32-Core Processor
CPU family:                         25
Model:                              1
Thread(s) per core:                 1
Core(s) per socket:                 32
Socket(s):                          2
Stepping:                           1
BogoMIPS:                           5589.11
Flags:                              fpu vme de pse tsc msr pae mce cx8 apic sep mtrr pge mca cmov pat pse36 clflush mmx fxsr sse sse2 ht syscall nx mmxext fxsr_opt pdpe1gb rdtscp lm constant_tsc rep_good nopl nonstop_tsc cpuid extd_apicid aperfmperf rapl pni pclmulqdq monitor ssse3 fma cx16 pcid sse4_1 sse4_2 x2apic movbe popcnt aes xsave avx f16c rdrand lahf_lm cmp_legacy svm extapic cr8_legacy abm sse4a misalignsse 3dnowprefetch osvw ibs skinit wdt tce topoext perfctr_core perfctr_nb bpext perfctr_llc mwaitx cpb cat_l3 cdp_l3 invpcid_single hw_pstate ssbd mba ibrs ibpb stibp vmmcall fsgsbase bmi1 avx2 smep bmi2 invpcid cqm rdt_a rdseed adx smap clflushopt clwb sha_ni xsaveopt xsavec xgetbv1 xsaves cqm_llc cqm_occup_llc cqm_mbm_total cqm_mbm_local clzero irperf xsaveerptr rdpru wbnoinvd amd_ppin brs arat npt lbrv svm_lock nrip_save tsc_scale vmcb_clean flushbyasid decodeassists pausefilter pfthreshold v_vmsave_vmload vgif v_spec_ctrl umip pku ospke vaes vpclmulqdq rdpid overflow_recov succor smca
Virtualization:                     AMD-V
L1d cache:                          2 MiB (64 instances)
L1i cache:                          2 MiB (64 instances)
L2 cache:                           32 MiB (64 instances)
L3 cache:                           512 MiB (16 instances)
NUMA node(s):                       8
NUMA node0 CPU(s):                  0-7
NUMA node1 CPU(s):                  8-15
NUMA node2 CPU(s):                  16-23
NUMA node3 CPU(s):                  24-31
NUMA node4 CPU(s):                  32-39
NUMA node5 CPU(s):                  40-47
NUMA node6 CPU(s):                  48-55
NUMA node7 CPU(s):                  56-63
Vulnerability Gather data sampling: Not affected
Vulnerability Itlb multihit:        Not affected
Vulnerability L1tf:                 Not affected
Vulnerability Mds:                  Not affected
Vulnerability Meltdown:             Not affected
Vulnerability Mmio stale data:      Not affected
Vulnerability Retbleed:             Not affected
Vulnerability Spec store bypass:    Mitigation; Speculative Store Bypass disabled via prctl
Vulnerability Spectre v1:           Mitigation; usercopy/swapgs barriers and __user pointer sanitization
Vulnerability Spectre v2:           Mitigation; Retpolines, IBPB conditional, IBRS_FW, STIBP disabled, RSB filling, PBRSB-eIBRS Not affected
Vulnerability Srbds:                Not affected
Vulnerability Tsx async abort:      Not affected
----------------
Memory Info:
               total        used        free      shared  buff/cache   available
Mem:           502Gi       7.3Gi       491Gi        30Mi       6.8Gi       495Gi
Swap:          9.7Gi       1.0Mi       9.7Gi
----------------
GPU Info:
No devices were found
No GPUs found
----------------
sending incremental file list
plane_10.tif

sent 1,196,394,735 bytes  received 35 bytes  478,557,908.00 bytes/sec
total size is 1,196,102,610  speedup is 1.00
Data staged in /tmp/data_6Z7ofw
----------------
Running lcp on transferred files
Beginning processing run ...
->> Setting max_shifts to [20, 20]
->> Setting strides to [14, 14]
->> Setting overlaps to [4, 4]
->> Setting gSig_filt to [3, 3]
Batch path provided, retrieving batch:
/tmp/data_6Z7ofw/batch/batch.pickle
Batch created at /tmp/data_6Z7ofw/batch/batch.pickle
Running mcorr -----------
Running 5ee90a81-91a9-4cd3-9724-22ad54bc1e3e with local backend
starting mc
